<?xml version="1.0" encoding="utf-8"?><testsuites name="pytest tests"><testsuite name="pytest" errors="0" failures="1" skipped="0" tests="43" time="25.637" timestamp="2026-02-15T09:38:32.974086+00:00" hostname="agent-env-5857989d-3ea2-4b67-b6b8-f522b4472320"><testcase classname="tests.test_sonicforge_api.TestHealthChecks" name="test_health_endpoint" time="10.068" /><testcase classname="tests.test_sonicforge_api.TestHealthChecks" name="test_detailed_health_endpoint" time="3.136" /><testcase classname="tests.test_sonicforge_api.TestHealthChecks" name="test_ready_endpoint" time="9.080" /><testcase classname="tests.test_sonicforge_api.TestHealthChecks" name="test_live_endpoint" time="0.043" /><testcase classname="tests.test_sonicforge_api.TestAuthentication" name="test_register_new_user" time="0.292" /><testcase classname="tests.test_sonicforge_api.TestAuthentication" name="test_register_invalid_password" time="0.043" /><testcase classname="tests.test_sonicforge_api.TestAuthentication" name="test_login_success" time="0.530" /><testcase classname="tests.test_sonicforge_api.TestAuthentication" name="test_login_invalid_credentials" time="0.043" /><testcase classname="tests.test_sonicforge_api.TestAuthentication" name="test_get_current_user" time="0.043" /><testcase classname="tests.test_sonicforge_api.TestAuthentication" name="test_refresh_token" time="0.043" /><testcase classname="tests.test_sonicforge_api.TestAuthentication" name="test_logout" time="0.311" /><testcase classname="tests.test_sonicforge_api.TestVotingSystem" name="test_submit_vote" time="0.045" /><testcase classname="tests.test_sonicforge_api.TestVotingSystem" name="test_submit_invalid_vote" time="0.043" /><testcase classname="tests.test_sonicforge_api.TestVotingSystem" name="test_get_track_votes" time="0.043" /><testcase classname="tests.test_sonicforge_api.TestVotingSystem" name="test_get_top_tracks" time="0.042" /><testcase classname="tests.test_sonicforge_api.TestVotingSystem" name="test_get_user_vote" time="0.088" /><testcase classname="tests.test_sonicforge_api.TestRecommendations" name="test_get_trending" time="0.043" /><testcase classname="tests.test_sonicforge_api.TestRecommendations" name="test_get_personalized_recommendations" time="0.043" /><testcase classname="tests.test_sonicforge_api.TestRecommendations" name="test_get_similar_tracks" time="0.042" /><testcase classname="tests.test_sonicforge_api.TestRecommendations" name="test_get_genre_recommendations" time="0.044" /><testcase classname="tests.test_sonicforge_api.TestRecommendations" name="test_record_listen" time="0.043" /><testcase classname="tests.test_sonicforge_api.TestSocialSharing" name="test_create_share_link" time="0.045" /><testcase classname="tests.test_sonicforge_api.TestSocialSharing" name="test_create_share_link_without_auth" time="0.044" /><testcase classname="tests.test_sonicforge_api.TestSocialSharing" name="test_get_share_urls" time="0.115"><failure message="assert ('twitter_url' in {'direct_link': 'http://localhost:8001/share/c7b0ee3653ea', 'email': 'mailto:?subject=%F0%9F%8E%B5+Test+Track&amp;body=Check+out+this+AI-generated+None+track+on+SonicForge%21%0A%0Ahttp%3A%2F%2Flocalhost%3A8001%2Fshare%2Fc7b0ee3653ea', 'embed_code': '&lt;iframe src=&quot;http://localhost:8001/share/c7b0ee3653ea/embed&quot; width=&quot;400&quot; height=&quot;200&quot; frameborder=&quot;0&quot; allow=&quot;autoplay; encrypted-media&quot; allowfullscreen&gt;&lt;/iframe&gt;', 'facebook': 'https://www.facebook.com/sharer/sharer.php?u=http%3A%2F%2Flocalhost%3A8001%2Fshare%2Fc7b0ee3653ea&amp;quote=Check+out+this+AI-generated+None+track+on+SonicForge%21', ...} or 'facebook_url' in {'direct_link': 'http://localhost:8001/share/c7b0ee3653ea', 'email': 'mailto:?subject=%F0%9F%8E%B5+Test+Track&amp;body=Check+out+this+AI-generated+None+track+on+SonicForge%21%0A%0Ahttp%3A%2F%2Flocalhost%3A8001%2Fshare%2Fc7b0ee3653ea', 'embed_code': '&lt;iframe src=&quot;http://localhost:8001/share/c7b0ee3653ea/embed&quot; width=&quot;400&quot; height=&quot;200&quot; frameborder=&quot;0&quot; allow=&quot;autoplay; encrypted-media&quot; allowfullscreen&gt;&lt;/iframe&gt;', 'facebook': 'https://www.facebook.com/sharer/sharer.php?u=http%3A%2F%2Flocalhost%3A8001%2Fshare%2Fc7b0ee3653ea&amp;quote=Check+out+this+AI-generated+None+track+on+SonicForge%21', ...} or 'urls' in {'direct_link': 'http://localhost:8001/share/c7b0ee3653ea', 'email': 'mailto:?subject=%F0%9F%8E%B5+Test+Track&amp;body=Check+out+this+AI-generated+None+track+on+SonicForge%21%0A%0Ahttp%3A%2F%2Flocalhost%3A8001%2Fshare%2Fc7b0ee3653ea', 'embed_code': '&lt;iframe src=&quot;http://localhost:8001/share/c7b0ee3653ea/embed&quot; width=&quot;400&quot; height=&quot;200&quot; frameborder=&quot;0&quot; allow=&quot;autoplay; encrypted-media&quot; allowfullscreen&gt;&lt;/iframe&gt;', 'facebook': 'https://www.facebook.com/sharer/sharer.php?u=http%3A%2F%2Flocalhost%3A8001%2Fshare%2Fc7b0ee3653ea&amp;quote=Check+out+this+AI-generated+None+track+on+SonicForge%21', ...})">tests/test_sonicforge_api.py:458: in test_get_share_urls
    assert "twitter_url" in data or "facebook_url" in data or "urls" in data
E   assert ('twitter_url' in {'direct_link': 'http://localhost:8001/share/c7b0ee3653ea', 'email': 'mailto:?subject=%F0%9F%8E%B5+Test+Track&amp;body=Check+out+this+AI-generated+None+track+on+SonicForge%21%0A%0Ahttp%3A%2F%2Flocalhost%3A8001%2Fshare%2Fc7b0ee3653ea', 'embed_code': '&lt;iframe src="http://localhost:8001/share/c7b0ee3653ea/embed" width="400" height="200" frameborder="0" allow="autoplay; encrypted-media" allowfullscreen&gt;&lt;/iframe&gt;', 'facebook': 'https://www.facebook.com/sharer/sharer.php?u=http%3A%2F%2Flocalhost%3A8001%2Fshare%2Fc7b0ee3653ea&amp;quote=Check+out+this+AI-generated+None+track+on+SonicForge%21', ...} or 'facebook_url' in {'direct_link': 'http://localhost:8001/share/c7b0ee3653ea', 'email': 'mailto:?subject=%F0%9F%8E%B5+Test+Track&amp;body=Check+out+this+AI-generated+None+track+on+SonicForge%21%0A%0Ahttp%3A%2F%2Flocalhost%3A8001%2Fshare%2Fc7b0ee3653ea', 'embed_code': '&lt;iframe src="http://localhost:8001/share/c7b0ee3653ea/embed" width="400" height="200" frameborder="0" allow="autoplay; encrypted-media" allowfullscreen&gt;&lt;/iframe&gt;', 'facebook': 'https://www.facebook.com/sharer/sharer.php?u=http%3A%2F%2Flocalhost%3A8001%2Fshare%2Fc7b0ee3653ea&amp;quote=Check+out+this+AI-generated+None+track+on+SonicForge%21', ...} or 'urls' in {'direct_link': 'http://localhost:8001/share/c7b0ee3653ea', 'email': 'mailto:?subject=%F0%9F%8E%B5+Test+Track&amp;body=Check+out+this+AI-generated+None+track+on+SonicForge%21%0A%0Ahttp%3A%2F%2Flocalhost%3A8001%2Fshare%2Fc7b0ee3653ea', 'embed_code': '&lt;iframe src="http://localhost:8001/share/c7b0ee3653ea/embed" width="400" height="200" frameborder="0" allow="autoplay; encrypted-media" allowfullscreen&gt;&lt;/iframe&gt;', 'facebook': 'https://www.facebook.com/sharer/sharer.php?u=http%3A%2F%2Flocalhost%3A8001%2Fshare%2Fc7b0ee3653ea&amp;quote=Check+out+this+AI-generated+None+track+on+SonicForge%21', ...})</failure></testcase><testcase classname="tests.test_sonicforge_api.TestSocialSharing" name="test_get_shared_track" time="0.085" /><testcase classname="tests.test_sonicforge_api.TestSubscriptionPlans" name="test_get_plans" time="0.043" /><testcase classname="tests.test_sonicforge_api.TestSubscriptionPlans" name="test_get_credit_packages" time="0.043" /><testcase classname="tests.test_sonicforge_api.TestSubscriptionPlans" name="test_get_subscription_status" time="0.043" /><testcase classname="tests.test_sonicforge_api.TestSubscriptionPlans" name="test_can_generate" time="0.043" /><testcase classname="tests.test_sonicforge_api.TestAnalytics" name="test_track_event" time="0.044" /><testcase classname="tests.test_sonicforge_api.TestAnalytics" name="test_track_event_without_auth" time="0.043" /><testcase classname="tests.test_sonicforge_api.TestAnalytics" name="test_get_public_stats" time="0.043" /><testcase classname="tests.test_sonicforge_api.TestAnalytics" name="test_prometheus_metrics" time="0.042" /><testcase classname="tests.test_sonicforge_api.TestABTesting" name="test_list_experiments_admin" time="0.310" /><testcase classname="tests.test_sonicforge_api.TestABTesting" name="test_list_experiments_unauthorized" time="0.043" /><testcase classname="tests.test_sonicforge_api.TestABTesting" name="test_get_experiment_variant" time="0.088" /><testcase classname="tests.test_sonicforge_api.TestABTesting" name="test_track_conversion" time="0.043" /><testcase classname="tests.test_sonicforge_api.TestABTesting" name="test_get_experiment_results" time="0.044" /><testcase classname="tests.test_sonicforge_api.TestDashboard" name="test_get_dashboard_widgets" time="0.043" /><testcase classname="tests.test_sonicforge_api.TestDashboard" name="test_get_system_metrics" time="0.043" /><testcase classname="tests.test_sonicforge_api.TestDashboard" name="test_get_business_metrics" time="0.044" /><testcase classname="tests.test_sonicforge_api.TestDashboard" name="test_get_dashboard_unauthorized" time="0.043" /><testcase classname="tests.test_sonicforge_api.TestRootEndpoint" name="test_root_endpoint" time="0.043" /></testsuite></testsuites>